c:\users\steva\onedrive\desktop\fax\4\7\cs445\ispit\cs445-projekat-stevanjovanov-4168\cs445-projekat-stevanjovanov-4168\debug\vc143.pdb
c:\users\steva\onedrive\desktop\fax\4\7\cs445\ispit\cs445-projekat-stevanjovanov-4168\cs445-projekat-stevanjovanov-4168\debug\vc143.idb
c:\users\steva\onedrive\desktop\fax\4\7\cs445\ispit\cs445-projekat-stevanjovanov-4168\cs445-projekat-stevanjovanov-4168\debug\snake.obj
c:\users\steva\onedrive\desktop\fax\4\7\cs445\ispit\cs445-projekat-stevanjovanov-4168\cs445-projekat-stevanjovanov-4168\debug\scenemanager.obj
c:\users\steva\onedrive\desktop\fax\4\7\cs445\ispit\cs445-projekat-stevanjovanov-4168\cs445-projekat-stevanjovanov-4168\debug\gamecontroller.obj
c:\users\steva\onedrive\desktop\fax\4\7\cs445\ispit\cs445-projekat-stevanjovanov-4168\cs445-projekat-stevanjovanov-4168\debug\smiler.obj
c:\users\steva\onedrive\desktop\fax\4\7\cs445\ispit\cs445-projekat-stevanjovanov-4168\cs445-projekat-stevanjovanov-4168\debug\main.obj
c:\users\steva\onedrive\desktop\fax\4\7\cs445\ispit\cs445-projekat-stevanjovanov-4168\cs445-projekat-stevanjovanov-4168\debug\input.obj
c:\users\steva\onedrive\desktop\fax\4\7\cs445\ispit\cs445-projekat-stevanjovanov-4168\cs445-projekat-stevanjovanov-4168\debug\game.obj
c:\users\steva\onedrive\desktop\fax\4\7\cs445\ispit\cs445-projekat-stevanjovanov-4168\cs445-projekat-stevanjovanov-4168\debug\gui.obj
c:\users\steva\onedrive\desktop\fax\4\7\cs445\ispit\cs445-projekat-stevanjovanov-4168\cs445-projekat-stevanjovanov-4168\debug\player.obj
c:\users\steva\onedrive\desktop\fax\4\7\cs445\ispit\cs445-projekat-stevanjovanov-4168\cs445-projekat-stevanjovanov-4168\debug\key.obj
c:\users\steva\onedrive\desktop\fax\4\7\cs445\ispit\cs445-projekat-stevanjovanov-4168\cs445-projekat-stevanjovanov-4168\debug\gameobject.obj
c:\users\steva\onedrive\desktop\fax\4\7\cs445\ispit\cs445-projekat-stevanjovanov-4168\cs445-projekat-stevanjovanov-4168\debug\door.obj
c:\users\steva\onedrive\desktop\fax\4\7\cs445\ispit\cs445-projekat-stevanjovanov-4168\debug\cs445-projekat-stevanjovanov-4168.exe
c:\users\steva\onedrive\desktop\fax\4\7\cs445\ispit\cs445-projekat-stevanjovanov-4168\cs445-projekat-stevanjovanov-4168\debug\cs445-projekat-stevanjovanov-4168.ilk
c:\users\steva\onedrive\desktop\fax\4\7\cs445\ispit\cs445-projekat-stevanjovanov-4168\debug\cs445-projekat-stevanjovanov-4168.pdb
c:\users\steva\onedrive\desktop\fax\4\7\cs445\ispit\cs445-projekat-stevanjovanov-4168\cs445-projekat-stevanjovanov-4168\debug\cs445-pr.07f2d20d.tlog\cl.command.1.tlog
c:\users\steva\onedrive\desktop\fax\4\7\cs445\ispit\cs445-projekat-stevanjovanov-4168\cs445-projekat-stevanjovanov-4168\debug\cs445-pr.07f2d20d.tlog\cl.read.1.tlog
c:\users\steva\onedrive\desktop\fax\4\7\cs445\ispit\cs445-projekat-stevanjovanov-4168\cs445-projekat-stevanjovanov-4168\debug\cs445-pr.07f2d20d.tlog\cl.write.1.tlog
c:\users\steva\onedrive\desktop\fax\4\7\cs445\ispit\cs445-projekat-stevanjovanov-4168\cs445-projekat-stevanjovanov-4168\debug\cs445-pr.07f2d20d.tlog\link.command.1.tlog
c:\users\steva\onedrive\desktop\fax\4\7\cs445\ispit\cs445-projekat-stevanjovanov-4168\cs445-projekat-stevanjovanov-4168\debug\cs445-pr.07f2d20d.tlog\link.read.1.tlog
c:\users\steva\onedrive\desktop\fax\4\7\cs445\ispit\cs445-projekat-stevanjovanov-4168\cs445-projekat-stevanjovanov-4168\debug\cs445-pr.07f2d20d.tlog\link.write.1.tlog
